<?xml version="1.0" encoding="UTF-8"?>
<testng-results skipped="0" failed="0" ignored="0" total="1" passed="1">
  <reporter-output>
  </reporter-output>
  <suite name="Default suite" duration-ms="18551" started-at="2018-06-16T06:15:48Z" finished-at="2018-06-16T06:16:07Z">
    <groups>
    </groups>
    <test name="Default test" duration-ms="18551" started-at="2018-06-16T06:15:48Z" finished-at="2018-06-16T06:16:07Z">
      <class name="samplegittest.Samplegittest">
        <test-method status="PASS" signature="logintest()[pri:0, instance:samplegittest.Samplegittest@23d2a7e8]" name="logintest" duration-ms="18516" started-at="2018-06-16T06:15:48Z" finished-at="2018-06-16T06:16:07Z">
          <reporter-output>
          </reporter-output>
        </test-method> <!-- logintest -->
      </class> <!-- samplegittest.Samplegittest -->
    </test> <!-- Default test -->
  </suite> <!-- Default suite -->
</testng-results>
